<?xml version="1.0" encoding="UTF-8"?>
<!-- Generated by org.testng.reporters.JUnitReportReporter -->
<testsuite skipped="0" hostname="Sambits-MacBook-Air.local" name="com.automation.tests.AddtoCartTest" tests="1" failures="0" timestamp="2020-07-07T21:28:17 IST" time="11.905" errors="0">
  <testcase name="AddToCartVerification" time="11.905" classname="com.automation.tests.AddtoCartTest"/>
  <system-out/>
</testsuite> <!-- com.automation.tests.AddtoCartTest -->
