<?xml version="1.0" encoding="UTF-8"?>
<!-- Generated by org.testng.reporters.JUnitReportReporter -->
<testsuite skipped="0" hostname="Sambits-MacBook-Air.local" name="com.automation.tests.LoginTest" tests="1" failures="0" timestamp="2020-07-07T13:02:28 IST" time="5.362" errors="0">
  <testcase name="LoginVerification" time="5.362" classname="com.automation.tests.LoginTest"/>
  <system-out/>
</testsuite> <!-- com.automation.tests.LoginTest -->
