<?xml version="1.0" encoding="UTF-8"?>
<!-- Generated by org.testng.reporters.JUnitReportReporter -->
<testsuite skipped="0" hostname="Sambits-MacBook-Air.local" name="com.automation.tests.AddtoCartTest" tests="1" failures="0" timestamp="2020-07-18T10:29:43 IST" time="19.968" errors="0">
  <testcase name="AddToCartVerification" time="19.968" classname="com.automation.tests.AddtoCartTest"/>
  <system-out/>
</testsuite> <!-- com.automation.tests.AddtoCartTest -->
