<?xml version="1.0" encoding="UTF-8"?>
<!-- Generated by org.testng.reporters.JUnitReportReporter -->
<testsuite skipped="0" hostname="Sambits-MacBook-Air.local" name="com.automation.tests.LoginTest" tests="1" failures="0" timestamp="2020-07-15T09:00:38 IST" time="4.601" errors="0">
  <testcase name="LoginVerification" time="4.601" classname="com.automation.tests.LoginTest"/>
  <system-out/>
</testsuite> <!-- com.automation.tests.LoginTest -->
